[2025-07-10 02:14:32] Database connection failed: timeout (error)
[2025-07-10 02:15:45] Invalid authentication token provided (error)
[2025-07-10 02:16:12] Failed to write to disk: Permission denied (error)
[2025-07-10 02:17:33] API rate limit exceeded (error)
[2025-07-10 02:18:01] Uncaught exception: Null pointer reference (error)
[2025-07-10 02:19:22] Database connection failed: timeout (error)
[2025-07-10 02:20:15] High CPU usage detected (warning)
[2025-07-10 02:21:09] Starting nightly backup (info)
[2025-07-10 02:22:47] Backup completed successfully (info)
[2025-07-10 02:23:18] Database connection failed: timeout (error)
[2025-07-10 02:24:56] Invalid authentication token provided (error)
[2025-07-10 02:25:33] Failed to write to disk: Permission denied (error)
[2025-07-10 02:26:12] Disk usage at 75% (warning)
[2025-07-10 02:27:45] User session started (info)
[2025-07-10 02:28:22] Database connection failed: timeout (error)
[2025-07-10 02:29:11] Memory threshold exceeded (warning)
[2025-07-10 02:30:03] Cache initialized (info)
[2025-07-10 02:31:47] API rate limit exceeded (error)
[2025-07-10 02:32:29] New connection from 192.168.1.5 (info)
[2025-07-10 02:33:18] Database connection failed: timeout (error)
[2025-07-10 02:34:55] Slow response from API endpoint (warning)
[2025-07-10 02:35:33] Request processed in 45ms (info)
[2025-07-10 02:36:12] Deprecated function called (warning)
[2025-07-10 02:37:01] Database connection failed: timeout (error)
[2025-07-10 02:38:22] Invalid authentication token provided (error)
[2025-07-10 02:39:15] Failed to write to disk: Permission denied (error)
[2025-07-10 02:40:09] Uncaught exception: Null pointer reference (error)
[2025-07-10 02:41:47] Database connection failed: timeout (error)
[2025-07-10 02:42:33] High CPU usage detected (warning)
[2025-07-10 02:43:18] Starting nightly backup (info)
[2025-07-10 02:44:02] Backup completed successfully (info)
[2025-07-10 02:45:22] Database connection failed: timeout (error)
[2025-07-10 02:46:15] Disk usage at 75% (warning)
[2025-07-10 02:47:09] Invalid authentication token provided (error)
[2025-07-10 02:48:33] Failed to write to disk: Permission denied (error)
[2025-07-10 02:49:18] User session started (info)
[2025-07-10 02:50:01] Memory threshold exceeded (warning)
[2025-07-10 02:51:47] Database connection failed: timeout (error)
[2025-07-10 02:52:33] Cache initialized (info)
[2025-07-10 02:53:22] API rate limit exceeded (error)
[2025-07-10 02:54:15] New connection from 192.168.1.5 (info)
[2025-07-10 02:55:09] Database connection failed: timeout (error)
[2025-07-10 02:56:47] Slow response from API endpoint (warning)
[2025-07-10 02:57:33] Request processed in 45ms (info)
[2025-07-10 02:58:22] Deprecated function called (warning)
[2025-07-10 02:59:15] Database connection failed: timeout (error)
[2025-07-10 03:00:01] Invalid authentication token provided (error)
[2025-07-10 03:01:47] Failed to write to disk: Permission denied (error)
[2025-07-10 03:02:33] Uncaught exception: Null pointer reference (error)
[2025-07-10 03:03:22] Database connection failed: timeout (error)
[2025-07-10 03:04:15] High CPU usage detected (warning)
[2025-07-10 03:05:09] Starting nightly backup (info)
[2025-07-10 03:06:47] Backup completed successfully (info)
[2025-07-10 03:07:33] Database connection failed: timeout (error)
[2025-07-10 03:08:22] Disk usage at 75% (warning)
[2025-07-10 03:09:15] Invalid authentication token provided (error)
[2025-07-10 03:10:01] Failed to write to disk: Permission denied (error)
[2025-07-10 03:11:47] User session started (info)
[2025-07-10 03:12:33] Memory threshold exceeded (warning)
[2025-07-10 03:13:22] Database connection failed: timeout (error)
[2025-07-10 03:14:15] Cache initialized (info)
[2025-07-10 03:15:09] API rate limit exceeded (error)
[2025-07-10 03:16:47] New connection from 192.168.1.5 (info)
[2025-07-10 03:17:33] Database connection failed: timeout (error)
[2025-07-10 03:18:22] Slow response from API endpoint (warning)
[2025-07-10 03:19:15] Request processed in 45ms (info)
[2025-07-10 03:20:01] Deprecated function called (warning)
[2025-07-10 03:21:47] Database connection failed: timeout (error)
[2025-07-10 03:22:33] Invalid authentication token provided (error)
[2025-07-10 03:23:22] Failed to write to disk: Permission denied (error)
[2025-07-10 03:24:15] Uncaught exception: Null pointer reference (error)
[2025-07-10 03:25:09] Database connection failed: timeout (error)
[2025-07-10 03:26:47] High CPU usage detected (warning)
[2025-07-10 03:27:33] Starting nightly backup (info)
[2025-07-10 03:28:22] Backup completed successfully (info)
[2025-07-10 03:29:15] Database connection failed: timeout (error)
[2025-07-10 03:30:01] Disk usage at 75% (warning)
[2025-07-10 03:31:47] Invalid authentication token provided (error)
[2025-07-10 03:32:33] Failed to write to disk: Permission denied (error)
[2025-07-10 03:33:22] User session started (info)
[2025-07-10 03:34:15] Memory threshold exceeded (warning)
[2025-07-10 03:35:09] Database connection failed: timeout (error)
[2025-07-10 03:36:47] Cache initialized (info)
[2025-07-10 03:37:33] API rate limit exceeded (error)
[2025-07-10 03:38:22] New connection from 192.168.1.5 (info)
[2025-07-10 03:39:15] Database connection failed: timeout (error)
[2025-07-10 03:40:01] Slow response from API endpoint (warning)
[2025-07-10 03:41:47] Request processed in 45ms (info)
[2025-07-10 03:42:33] Deprecated function called (warning)
[2025-07-10 03:43:22] Database connection failed: timeout (error)
[2025-07-10 03:44:15] Invalid authentication token provided (error)
[2025-07-10 03:45:09] Failed to write to disk: Permission denied (error)
[2025-07-10 03:46:47] Uncaught exception: Null pointer reference (error)
[2025-07-10 03:47:33] Database connection failed: timeout (error)
[2025-07-10 03:48:22] High CPU usage detected (warning)
[2025-07-10 03:49:15] Starting nightly backup (info)
[2025-07-10 03:50:01] Backup completed successfully (info)
[2025-07-10 03:51:47] Database connection failed: timeout (error)
[2025-07-10 03:52:33] Disk usage at 75% (warning)
[2025-07-10 03:53:22] Invalid authentication token provided (error)
[2025-07-10 03:54:15] Failed to write to disk: Permission denied (error)
[2025-07-10 03:55:09] User session started (info)
[2025-07-10 03:56:47] Memory threshold exceeded (warning)
[2025-07-10 03:57:33] Database connection failed: timeout (error)
[2025-07-10 03:58:22] Cache initialized (info)
[2025-07-10 03:59:15] API rate limit exceeded (error)
[2025-07-10 04:00:01] New connection from 192.168.1.5 (info)
[2025-07-10 04:01:47] Database connection failed: timeout (error)
[2025-07-10 04:02:33] Slow response from API endpoint (warning)
[2025-07-10 04:03:22] Request processed in 45ms (info)
[2025-07-10 04:04:15] Deprecated function called (warning)
[2025-07-10 04:05:09] Database connection failed: timeout (error)
[2025-07-10 04:06:47] Invalid authentication token provided (error)
[2025-07-10 04:07:33] Failed to write to disk: Permission denied (error)
[2025-07-10 04:08:22] Uncaught exception: Null pointer reference (error)
[2025-07-10 04:09:15] Database connection failed: timeout (error)
[2025-07-10 04:10:01] High CPU usage detected (warning)
[2025-07-10 04:11:47] Starting nightly backup (info)
[2025-07-10 04:12:33] Backup completed successfully (info)
[2025-07-10 04:13:22] Database connection failed: timeout (error)
[2025-07-10 04:14:15] Disk usage at 75% (warning)
[2025-07-10 04:15:09] Invalid authentication token provided (error)
[2025-07-10 04:16:47] Failed to write to disk: Permission denied (error)
[2025-07-10 04:17:33] User session started (info)
[2025-07-10 04:18:22] Memory threshold exceeded (warning)
[2025-07-10 04:19:15] Database connection failed: timeout (error)
[2025-07-10 04:20:01] Cache initialized (info)
[2025-07-10 04:21:47] API rate limit exceeded (error)
[2025-07-10 04:22:33] New connection from 192.168.1.5 (info)
[2025-07-10 04:23:22] Database connection failed: timeout (error)
[2025-07-10 04:24:15] Slow response from API endpoint (warning)
[2025-07-10 04:25:09] Request processed in 45ms (info)
[2025-07-10 04:26:47] Deprecated function called (warning)
[2025-07-10 04:27:33] Database connection failed: timeout (error)
[2025-07-10 04:28:22] Invalid authentication token provided (error)
[2025-07-10 04:29:15] Failed to write to disk: Permission denied (error)
[2025-07-10 04:30:01] Uncaught exception: Null pointer reference (error)
[2025-07-10 04:31:47] Database connection failed: timeout (error)
[2025-07-10 04:32:33] High CPU usage detected (warning)
[2025-07-10 04:33:22] Starting nightly backup (info)
[2025-07-10 04:34:15] Backup completed successfully (info)
[2025-07-10 04:35:09] Database connection failed: timeout (error)
[2025-07-10 04:36:47] Disk usage at 75% (warning)
[2025-07-10 04:37:33] Invalid authentication token provided (error)
[2025-07-10 04:38:22] Failed to write to disk: Permission denied (error)
[2025-07-10 04:39:15] User session started (info)
[2025-07-10 04:40:01] Memory threshold exceeded (warning)
[2025-07-10 04:41:47] Database connection failed: timeout (error)
[2025-07-10 04:42:33] Cache initialized (info)
[2025-07-10 04:43:22] API rate limit exceeded (error)
[2025-07-10 04:44:15] New connection from 192.168.1.5 (info)
[2025-07-10 04:45:09] Database connection failed: timeout (error)
[2025-07-10 04:46:47] Slow response from API endpoint (warning)
[2025-07-10 04:47:33] Request processed in 45ms (info)
[2025-07-10 04:48:22] Deprecated function called (warning)
[2025-07-10 04:49:15] Database connection failed: timeout (error)
[2025-07-10 04:50:01] Invalid authentication token provided (error)
[2025-07-10 04:51:47] Failed to write to disk: Permission denied (error)
[2025-07-10 04:52:33] Uncaught exception: Null pointer reference (error)
[2025-07-10 04:53:22] Database connection failed: timeout (error)
[2025-07-10 04:54:15] High CPU usage detected (warning)
[2025-07-10 04:55:09] Starting nightly backup (info)
[2025-07-10 04:56:47] Backup completed successfully (info)
[2025-07-10 04:57:33] Database connection failed: timeout (error)
[2025-07-10 04:58:22] Disk usage at 75% (warning)
[2025-07-10 04:59:15] Invalid authentication token provided (error)
[2025-07-10 05:00:01] Failed to write to disk: Permission denied (error)
[2025-07-10 05:01:47] User session started (info)
[2025-07-10 05:02:33] Memory threshold exceeded (warning)
[2025-07-10 05:03:22] Database connection failed: timeout (error)
[2025-07-10 05:04:15] Cache initialized (info)
[2025-07-10 05:05:09] API rate limit exceeded (error)
[2025-07-10 05:06:47] New connection from 192.168.1.5 (info)
[2025-07-10 05:07:33] Database connection failed: timeout (error)
[2025-07-10 05:08:22] Slow response from API endpoint (warning)
[2025-07-10 05:09:15] Request processed in 45ms (info)
[2025-07-10 05:10:01] Deprecated function called (warning)
[2025-07-10 05:11:47] Database connection failed: timeout (error)
[2025-07-10 05:12:33] Invalid authentication token provided (error)
[2025-07-10 05:13:22] Failed to write to disk: Permission denied (error)
[2025-07-10 05:14:15] Uncaught exception: Null pointer reference (error)
[2025-07-10 05:15:09] Database connection failed: timeout (error)
[2025-07-10 05:16:47] High CPU usage detected (warning)
[2025-07-10 05:17:33] Starting nightly backup (info)
[2025-07-10 05:18:22] Backup completed successfully (info)
[2025-07-10 05:19:15] Database connection failed: timeout (error)
[2025-07-10 05:20:01] Disk usage at 75% (warning)
[2025-07-10 05:21:47] Invalid authentication token provided (error)
[2025-07-10 05:22:33] Failed to write to disk: Permission denied (error)
[2025-07-10 05:23:22] User session started (info)
[2025-07-10 05:24:15] Memory threshold exceeded (warning)
[2025-07-10 05:25:09] Database connection failed: timeout (error)
[2025-07-10 05:26:47] Cache initialized (info)
[2025-07-10 05:27:33] API rate limit exceeded (error)
[2025-07-10 05:28:22] New connection from 192.168.1.5 (info)
[2025-07-10 05:29:15] Database connection failed: timeout (error)
[2025-07-10 05:30:01] Slow response from API endpoint (warning)
[2025-07-10 05:31:47] Request processed in 45ms (info)
[2025-07-10 05:32:33] Deprecated function called (warning)
[2025-07-10 05:33:22] Database connection failed: timeout (error)
[2025-07-10 05:34:15] Invalid authentication token provided (error)
[2025-07-10 05:35:09] Failed to write to disk: Permission denied (error)
[2025-07-10 05:36:47] Uncaught exception: Null pointer reference (error)
[2025-07-10 05:37:33] Database connection failed: timeout (error)
[2025-07-10 05:38:22] High CPU usage detected (warning)
[2025-07-10 05:39:15] Starting nightly backup (info)
[2025-07-10 05:40:01] Backup completed successfully (info)
[2025-07-10 05:41:47] Database connection failed: timeout (error)
[2025-07-10 05:42:33] Disk usage at 75% (warning)
[2025-07-10 05:43:22] Invalid authentication token provided (error)
[2025-07-10 05:44:15] Failed to write to disk: Permission denied (error)
[2025-07-10 05:45:09] User session started (info)
[2025-07-10 05:46:47] Memory threshold exceeded (warning)
[2025-07-10 05:47:33] Database connection failed: timeout (error)
[2025-07-10 05:48:22] Cache initialized (info)
[2025-07-10 05:49:15] API rate limit exceeded (error)
[2025-07-10 05:50:01] New connection from 192.168.1.5 (info)
[2025-07-10 05:51:47] Database connection failed: timeout (error)
[2025-07-10 05:52:33] Slow response from API endpoint (warning)
[2025-07-10 05:53:22] Request processed in 45ms (info)
[2025-07-10 05:54:15] Deprecated function called (warning)
[2025-07-10 05:55:09] Database connection failed: timeout (error)
[2025-07-10 05:56:47] Invalid authentication token provided (error)
[2025-07-10 05:57:33] Failed to write to disk: Permission denied (error)
[2025-07-10 05:58:22] Uncaught exception: Null pointer reference (error)
[2025-07-10 05:59:15] Database connection failed: timeout (error)
[2025-07-10 06:00:01] High CPU usage detected (warning)
[2025-07-10 06:01:47] Starting nightly backup (info)
[2025-07-10 06:02:33] Backup completed successfully (info)
[2025-07-10 06:03:22] Database connection failed: timeout (error)
[2025-07-10 06:04:15] Disk usage at 75% (warning)
[2025-07-10 06:05:09] Invalid authentication token provided (error)
[2025-07-10 06:06:47] Failed to write to disk: Permission denied (error)
[2025-07-10 06:07:33] User session started (info)
[2025-07-10 06:08:22] Memory threshold exceeded (warning)
[2025-07-10 06:09:15] Database connection failed: timeout (error)
[2025-07-10 06:10:01] Cache initialized (info)
[2025-07-10 06:11:47] API rate limit exceeded (error)
[2025-07-10 06:12:33] New connection from 192.168.1.5 (info)
[2025-07-10 06:13:22] Database connection failed: timeout (error)
[2025-07-10 06:14:15] Slow response from API endpoint (warning)
[2025-07-10 06:15:09] Request processed in 45ms (info)
[2025-07-10 06:16:47] Deprecated function called (warning)
[2025-07-10 06:17:33] Database connection failed: timeout (error)
[2025-07-10 06:18:22] Invalid authentication token provided (error)
[2025-07-10 06:19:15] Failed to write to disk: Permission denied (error)
[2025-07-10 06:20:01] Uncaught exception: Null pointer reference (error)
[2025-07-10 06:21:47] Database connection failed: timeout (error)
[2025-07-10 06:22:33] High CPU usage detected (warning)
[2025-07-10 06:23:22] Starting nightly backup (info)
[2025-07-10 06:24:15] Backup completed successfully (info)
[2025-07-10 06:25:09] Database connection failed: timeout (error)
[2025-07-10 06:26:47] Disk usage at 75% (warning)
[2025-07-10 06:27:33] Invalid authentication token provided (error)
[2025-07-10 06:28:22] Failed to write to disk: Permission denied (error)
[2025-07-10 06:29:15] User session started (info)
[2025-07-10 06:30:01] Memory threshold exceeded (warning)
[2025-07-10 06:31:47] Database connection failed: timeout (error)
[2025-07-10 06:32:33] Cache initialized (info)
[2025-07-10 06:33:22] API rate limit exceeded (error)
[2025-07-10 06:34:15] New connection from 192.168.1.5 (info)
[2025-07-10 06:35:09] Database connection failed: timeout (error)
[2025-07-10 06:36:47] Slow response from API endpoint (warning)
[2025-07-10 06:37:33] Request processed in 45ms (info)
[2025-07-10 06:38:22] Deprecated function called (warning)
[2025-07-10 06:39:15] Database connection failed: timeout (error)
[2025-07-10 06:40:01] Invalid authentication token provided (error)
[2025-07-10 06:41:47] Failed to write to disk: Permission denied (error)
[2025-07-10 06:42:33] Uncaught exception: Null pointer reference (error)
[2025-07-10 06:43:22] Database connection failed: timeout (error)
[2025-07-10 06:44:15] High CPU usage detected (warning)
[2025-07-10 06:45:09] Starting nightly backup (info)
[2025-07-10 06:46:47] Backup completed successfully (info)
[2025-07-10 06:47:33] Database connection failed: timeout (error)
[2025-07-10 06:48:22] Disk usage at 75% (warning)
[2025-07-10 06:49:15] Invalid authentication token provided (error)
[2025-07-10 06:50:01] Failed to write to disk: Permission denied (error)
[2025-07-10 06:51:47] User session started (info)
[2025-07-10 06:52:33] Memory threshold exceeded (warning)
[2025-07-10 06:53:22] Database connection failed: timeout (error)
[2025-07-10 06:54:15] Cache initialized (info)
[2025-07-10 06:55:09] API rate limit exceeded (error)
[2025-07-10 06:56:47] New connection from 192.168.1.5 (info)
[2025-07-10 06:57:33] Database connection failed: timeout (error)
[2025-07-10 06:58:22] Slow response from API endpoint (warning)
[2025-07-10 06:59:15] Request processed in 45ms (info)
[2025-07-10 07:00:01] Deprecated function called (warning)
[2025-07-10 07:01:47] Database connection failed: timeout (error)
[2025-07-10 07:02:33] Invalid authentication token provided (error)
[2025-07-10 07:03:22] Failed to write to disk: Permission denied (error)
[2025-07-10 07:04:15] Uncaught exception: Null pointer reference (error)
[2025-07-10 07:05:09] Database connection failed: timeout (error)
[2025-07-10 07:06:47] High CPU usage detected (warning)
[2025-07-10 07:07:33] Starting nightly backup (info)
[2025-07-10 07:08:22] Backup completed successfully (info)
[2025-07-10 07:09:15] Database connection failed: timeout (error)
[2025-07-10 07:10:01] Disk usage at 75% (warning)
[2025-07-10 07:11:47] Invalid authentication token provided (error)
[2025-07-10 07:12:33] Failed to write to disk: Permission denied (error)
[2025-07-10 07:13:22] User session started (info)
[2025-07-10 07:14:15] Memory threshold exceeded (warning)
[2025-07-10 07:15:09] Database connection failed: timeout (error)
[2025-07-10 07:16:47] Cache initialized (info)
[2025-07-10 07:17:33] API rate limit exceeded (error)
[2025-07-10 07:18:22] New connection from 192.168.1.5 (info)
[2025-07-10 07:19:15] Database connection failed: timeout (error)
[2025-07-10 07:20:01] Slow response from API endpoint (warning)
[2025-07-10 07:21:47] Request processed in 45ms (info)
[2025-07-10 07:22:33] Deprecated function called (warning)
[2025-07-10 07:23:22] Database connection failed: timeout (error)
[2025-07-10 07:24:15] Invalid authentication token provided (error)
[2025-07-10 07:25:09] Failed to write to disk: Permission denied (error)
[2025-07-10 07:26:47] Uncaught exception: Null pointer reference (error)
[2025-07-10 07:27:33] Database connection failed: timeout (error)
[2025-07-10 07:28:22] High CPU usage detected (warning)
[2025-07-10 07:29:15] Starting nightly backup (info)
[2025-07-10 07:30:01] Backup completed successfully (info)
[2025-07-10 07:31:47] Database connection failed: timeout (error)
[2025-07-10 07:32:33] Disk usage at 75% (warning)
[2025-07-10 07:33:22] Invalid authentication token provided (error)
[2025-07-10 07:34:15] Failed to write to disk: Permission denied (error)
[2025-07-10 07:35:09] User session started (info)
[2025-07-10 07:36:47] Memory threshold exceeded (warning)
[2025-07-10 07:37:33] Database connection failed: timeout (error)
[2025-07-10 07:38:22] Cache initialized (info)
[2025-07-10 07:39:15] API rate limit exceeded (error)
[2025-07-10 07:40:01] New connection from 192.168.1.5 (info)
[2025-07-10 07:41:47] Database connection failed: timeout (error)
[2025-07-10 07:42:33] Slow response from API endpoint (warning)
[2025-07-10 07:43:22] Request processed in 45ms (info)
[2025-07-10 07:44:15] Deprecated function called (warning)
[2025-07-10 07:45:09] Database connection failed: timeout (error)
[2025-07-10 07:46:47] Invalid authentication token provided (error)
[2025-07-10 07:47:33] Failed to write to disk: Permission denied (error)
[2025-07-10 07:48:22] Uncaught exception: Null pointer reference (error)
[2025-07-10 07:49:15] Database connection failed: timeout (error)
[2025-07-10 07:50:01] High CPU usage detected (warning)
[2025-07-10 07:51:47] Starting nightly backup (info)
[2025-07-10 07:52:33] Backup completed successfully (info)
[2025-07-10 07:53:22] Database connection failed: timeout (error)
[2025-07-10 07:54:15] Disk usage at 75% (warning)
[2025-07-10 07:55:09] Invalid authentication token provided (error)
[2025-07-10 07:56:47] Failed to write to disk: Permission denied (error)
[2025-07-10 07:57:33] User session started (info)
[2025-07-10 07:58:22] Memory threshold exceeded (warning)
[2025-07-10 07:59:15] Database connection failed: timeout (error)
[2025-07-10 08:00:01] Cache initialized (info)
[2025-07-10 08:01:47] API rate limit exceeded (error)
[2025-07-10 08:02:33] New connection from 192.168.1.5 (info)
[2025-07-10 08:03:22] Database connection failed: timeout (error)
[2025-07-10 08:04:15] Slow response from API endpoint (warning)
[2025-07-10 08:05:09] Request processed in 45ms (info)
[2025-07-10 08:06:47] Deprecated function called (warning)
[2025-07-10 08:07:33] Database connection failed: timeout (error)
[2025-07-10 08:08:22] Invalid authentication token provided (error)
[2025-07-10 08:09:15] Failed to write to disk: Permission denied (error)
[2025-07-10 08:10:01] Uncaught exception: Null pointer reference (error)
[2025-07-10 08:11:47] Database connection failed: timeout (error)
[2025-07-10 08:12:33] High CPU usage detected (warning)
[2025-07-10 08:13:22] Starting nightly backup (info)
[2025-07-10 08:14:15] Backup completed successfully (info)
[2025-07-10 08:15:09] Database connection failed: timeout (error)
[2025-07-10 08:16:47] Disk usage at 75% (warning)
[2025-07-10 08:17:33] Invalid authentication token provided (error)
[2025-07-10 08:18:22] Failed to write to disk: Permission denied (error)
[2025-07-10 08:19:15] User session started (info)
[2025-07-10 08:20:01] Memory threshold exceeded (warning)
[2025-07-10 08:21:47] Database connection failed: timeout (error)
[2025-07-10 08:22:33] Cache initialized (info)
[2025-07-10 08:23:22] API rate limit exceeded (error)
[2025-07-10 08:24:15] New connection from 192.168.1.5 (info)
[2025-07-10 08:25:09] Database connection failed: timeout (error)
[2025-07-10 08:26:47] Slow response from API endpoint (warning)
[2025-07-10 08:27:33] Request processed in 45ms (info)
[2025-07-10 08:28:22] Deprecated function called (warning)
[2025-07-10 08:29:15] Database connection failed: timeout (error)
[2025-07-10 08:30:01] Invalid authentication token provided (error)
[2025-07-10 08:31:47] Failed to write to disk: Permission denied (error)
[2025-07-10 08:32:33] Uncaught exception: Null pointer reference (error)
[2025-07-10 08:33:22] Database connection failed: timeout (error)
[2025-07-10 08:34:15] High CPU usage detected (warning)
[2025-07-10 08:35:09] Starting nightly backup (info)
[2025-07-10 08:36:47] Backup completed successfully (info)
[2025-07-10 08:37:33] Database connection failed: timeout (error)
[2025-07-10 08:38:22] Disk usage at 75% (warning)
[2025-07-10 08:39:15] Invalid authentication token provided (error)
[2025-07-10 08:40:01] Failed to write to disk: Permission denied (error)
[2025-07-10 08:41:47] User session started (info)
[2025-07-10 08:42:33] Memory threshold exceeded (warning)
[2025-07-10 08:43:22] Database connection failed: timeout (error)
[2025-07-10 08:44:15] Cache initialized (info)
[2025-07-10 08:45:09] API rate limit exceeded (error)
[2025-07-10 08:46:47] New connection from 192.168.1.5 (info)
[2025-07-10 08:47:33] Database connection failed: timeout (error)
[2025-07-10 08:48:22] Slow response from API endpoint (warning)
[2025-07-10 08:49:15] Request processed in 45ms (info)
[2025-07-10 08:50:01] Deprecated function called (warning)
[2025-07-10 08:51:47] Database connection failed: timeout (error)
[2025-07-10 08:52:33] Invalid authentication token provided (error)
[2025-07-10 08:53:22] Failed to write to disk: Permission denied (error)
[2025-07-10 08:54:15] Uncaught exception: Null pointer reference (error)
[2025-07-10 08:55:09] Database connection failed: timeout (error)
[2025-07-10 08:56:47] High CPU usage detected (warning)
[2025-07-10 08:57:33] Starting nightly backup (info)
[2025-07-10 08:58:22] Backup completed successfully (info)
[2025-07-10 08:59:15] Database connection failed: timeout (error)
[2025-07-10 09:00:01] Disk usage at 75% (warning)
[2025-07-10 09:01:47] Invalid authentication token provided (error)
[2025-07-10 09:02:33] Failed to write to disk: Permission denied (error)
[2025-07-10 09:03:22] User session started (info)
[2025-07-10 09:04:15] Memory threshold exceeded (warning)
[2025-07-10 09:05:09] Database connection failed: timeout (error)
[2025-07-10 09:06:47] Cache initialized (info)
[2025-07-10 09:07:33] API rate limit exceeded (error)
[2025-07-10 09:08:22] New connection from 192.168.1.5 (info)
[2025-07-10 09:09:15] Database connection failed: timeout (error)
[2025-07-10 09:10:01] Slow response from API endpoint (warning)
[2025-07-10 09:11:47] Request processed in 45ms (info)
[2025-07-10 09:12:33] Deprecated function called (warning)
[2025-07-10 09:13:22] Database connection failed: timeout (error)
[2025-07-10 09:14:15] Invalid authentication token provided (error)
[2025-07-10 09:15:09] Failed to write to disk: Permission denied (error)
[2025-07-10 09:16:47] Uncaught exception: Null pointer reference (error)
[2025-07-10 09:17:33] Database connection failed: timeout (error)
[2025-07-10 09:18:22] High CPU usage detected (warning)
[2025-07-10 09:19:15] Starting nightly backup (info)
[2025-07-10 09:20:01] Backup completed successfully (info)
[2025-07-10 09:21:47] Database connection failed: timeout (error)
[2025-07-10 09:22:33] Disk usage at 75% (warning)
[2025-07-10 09:23:22] Invalid authentication token provided (error)
[2025-07-10 09:24:15] Failed to write to disk: Permission denied (error)
[2025-07-10 09:25:09] User session started (info)
[2025-07-10 09:26:47] Memory threshold exceeded (warning)
[2025-07-10 09:27:33] Database connection failed: timeout (error)
[2025-07-10 09:28:22] Cache initialized (info)
[2025-07-10 09:29:15] API rate limit exceeded (error)
[2025-07-10 09:30:01] New connection from 192.168.1.5 (info)
[2025-07-10 09:31:47] Database connection failed: timeout (error)
[2025-07-10 09:32:33] Slow response from API endpoint (warning)
[2025-07-10 09:33:22] Request processed in 45ms (info)
[2025-07-10 09:34:15] Deprecated function called (warning)
[2025-07-10 09:35:09] Database connection failed: timeout (error)
[2025-07-10 09:36:47] Invalid authentication token provided (error)
[2025-07-10 09:37:33] Failed to write to disk: Permission denied (error)
[2025-07-10 09:38:22] Uncaught exception: Null pointer reference (error)
[2025-07-10 09:39:15] Database connection failed: timeout (error)
[2025-07-10 09:40:01] High CPU usage detected (warning)
[2025-07-10 09:41:47] Starting nightly backup (info)
[2025-07-10 09:42:33] Backup completed successfully (info)
[2025-07-10 09:43:22] Database connection failed: timeout (error)
[2025-07-10 09:44:15] Disk usage at 75% (warning)
[2025-07-10 09:45:09] Invalid authentication token provided (error)
[2025-07-10 09:46:47] Failed to write to disk: Permission denied (error)
[2025-07-10 09:47:33] User session started (info)
[2025-07-10 09:48:22] Memory threshold exceeded (warning)
[2025-07-10 09:49:15] Database connection failed: timeout (error)
[2025-07-10 09:50:01] Cache initialized (info)
[2025-07-10 09:51:47] API rate limit exceeded (error)
[2025-07-10 09:52:33] New connection from 192.168.1.5 (info)
[2025-07-10 09:53:22] Database connection failed: timeout (error)
[2025-07-10 09:54:15] Slow response from API endpoint (warning)
[2025-07-10 09:55:09] Request processed in 45ms (info)
[2025-07-10 09:56:47] Deprecated function called (warning)
[2025-07-10 09:57:33] Database connection failed: timeout (error)
[2025-07-10 09:58:22] Invalid authentication token provided (error)
[2025-07-10 09:59:15] Failed to write to disk: Permission denied (error)
[2025-07-10 10:00:01] Uncaught exception: Null pointer reference (error)
[2025-07-10 10:01:47] Database connection failed: timeout (error)
[2025-07-10 10:02:33] High CPU usage detected (warning)
[2025-07-10 10:03:22] Starting nightly backup (info)
[2025-07-10 10:04:15] Backup completed successfully (info)
[2025-07-10 10:05:09] Database connection failed: timeout (error)
[2025-07-10 10:06:47] Disk usage at 75% (warning)
[2025-07-10 10:07:33] Invalid authentication token provided (error)
[2025-07-10 10:08:22] Failed to write to disk: Permission denied (error)
[2025-07-10 10:09:15] User session started (info)
[2025-07-10 10:10:01] Memory threshold exceeded (warning)
[2025-07-10 10:11:47] Database connection failed: timeout (error)
[2025-07-10 10:12:33] Cache initialized (info)
[2025-07-10 10:13:22] API rate limit exceeded (error)
[2025-07-10 10:14:15] New connection from 192.168.1.5 (info)
[2025-07-10 10:15:09] Database connection failed: timeout (error)
[2025-07-10 10:16:47] Slow response from API endpoint (warning)
[2025-07-10 10:17:33] Request processed in 45ms (info)
[2025-07-10 10:18:22] Deprecated function called (warning)
[2025-07-10 10:19:15] Database connection failed: timeout (error)
[2025-07-10 10:20:01] Invalid authentication token provided (error)
[2025-07-10 10:21:47] Failed to write to disk: Permission denied (error)
[2025-07-10 10:22:33] Uncaught exception: Null pointer reference (error)
[2025-07-10 10:23:22] Database connection failed: timeout (error)
[2025-07-10 10:24:15] High CPU usage detected (warning)
[2025-07-10 10:25:09] Starting nightly backup (info)
[2025-07-10 10:26:47] Backup completed successfully (info)
[2025-07-10 10:27:33] Database connection failed: timeout (error)
[2025-07-10 10:28:22] Disk usage at 75% (warning)
[2025-07-10 10:29:15] Invalid authentication token provided (error)
[2025-07-10 10:30:01] Failed to write to disk: Permission denied (error)
[2025-07-10 10:31:47] User session started (info)
[2025-07-10 10:32:33] Memory threshold exceeded (warning)
[2025-07-10 10:33:22] Database connection failed: timeout (error)
[2025-07-10 10:34:15] Cache initialized (info)
[2025-07-10 10:35:09] API rate limit exceeded (error)
[2025-07-10 10:36:47] New connection from 192.168.1.5 (info)
[2025-07-10 10:37:33] Database connection failed: timeout (error)
[2025-07-10 10:38:22] Slow response from API endpoint (warning)
[2025-07-10 10:39:15] Request processed in 45ms (info)
[2025-07-10 10:40:01] Deprecated function called (warning)
[2025-07-10 10:41:47] Database connection failed: timeout (error)
[2025-07-10 10:42:33] Invalid authentication token provided (error)
[2025-07-10 10:43:22] Failed to write to disk: Permission denied (error)
[2025-07-10 10:44:15] Uncaught exception: Null pointer reference (error)
[2025-07-10 10:45:09] Database connection failed: timeout (error)
[2025-07-10 10:46:47] High CPU usage detected (warning)
[2025-07-10 10:47:33] Starting nightly backup (info)
[2025-07-10 10:48:22] Backup completed successfully (info)
[2025-07-10 10:49:15] Database connection failed: timeout (error)
[2025-07-10 10:50:01] Disk usage at 75% (warning)
[2025-07-10 10:51:47] Invalid authentication token provided (error)
[2025-07-10 10:52:33] Failed to write to disk: Permission denied (error)
[2025-07-10 10:53:22] User session started (info)
[2025-07-10 10:54:15] Memory threshold exceeded (warning)
[2025-07-10 10:55:09] Database connection failed: timeout (error)
[2025-07-10 10:56:47] Cache initialized (info)
[2025-07-10 10:57:33] API rate limit exceeded (error)
[2025-07-10 10:58:22] New connection from 192.168.1.5 (info)
[2025-07-10 10:59:15] Database connection failed: timeout (error)
[2025-07-10 11:00:01] Slow response from API endpoint (warning)
[2025-07-10 11:01:47] Request processed in 45ms (info)
[2025-07-10 11:02:33] Deprecated function called (warning)
[2025-07-10 11:03:22] Database connection failed: timeout (error)
[2025-07-10 11:04:15] Invalid authentication token provided (error)
[2025-07-10 11:05:09] Failed to write to disk: Permission denied (error)
[2025-07-10 11:06:47] Uncaught exception: Null pointer reference (error)
[2025-07-10 11:07:33] Database connection failed: timeout (error)
[2025-07-10 11:08:22] High CPU usage detected (warning)
[2025-07-10 11:09:15] Starting nightly backup (info)
[2025-07-10 11:10:01] Backup completed successfully (info)
[2025-07-10 11:11:47] Database connection failed: timeout (error)
[2025-07-10 11:12:33] Disk usage at 75% (warning)
[2025-07-10 11:13:22] Invalid authentication token provided (error)
[2025-07-10 11:14:15] Failed to write to disk: Permission denied (error)
[2025-07-10 11:15:09] User session started (info)
[2025-07-10 11:16:47] Memory threshold exceeded (warning)
[2025-07-10 11:17:33] Database connection failed: timeout (error)
[2025-07-10 11:18:22] Cache initialized (info)
[2025-07-10 11:19:15] API rate limit exceeded (error)
[2025-07-10 11:20:01] New connection from 192.168.1.5 (info)
[2025-07-10 11:21:47] Database connection failed: timeout (error)
[2025-07-10 11:22:33] Slow response from API endpoint (warning)
[2025-07-10 11:23:22] Request processed in 45ms (info)
[2025-07-10 11:24:15] Deprecated function called (warning)
[2025-07-10 11:25:09] Database connection failed: timeout (error)
[2025-07-10 11:26:47] Invalid authentication token provided (error)
[2025-07-10 11:27:33] Failed to write to disk: Permission denied (error)
[2025-07-10 11:28:22] Uncaught exception: Null pointer reference (error)
[2025-07-10 11:29:15] Database connection failed: timeout (error)
[2025-07-10 11:30:01] High CPU usage detected (warning)
[2025-07-10 11:31:47] Starting nightly backup (info)
[2025-07-10 11:32:33] Backup completed successfully (info)
[2025-07-10 11:33:22] Database connection failed: timeout (error)
[2025-07-10 11:34:15] Disk usage at 75% (warning)
[2025-07-10 11:35:09] Invalid authentication token provided (error)
[2025-07-10 11:36:47] Failed to write to disk: Permission denied (error)
[2025-07-10 11:37:33] User session started (info)